\BOOKMARK [0][-]{Abstract.0}{Abstract}{}% 1
\BOOKMARK [0][-]{Contents.0}{Contents}{}% 2
\BOOKMARK [0][-]{chapter.1}{Introduction}{}% 3
\BOOKMARK [0][-]{chapter.2}{Background}{}% 4
\BOOKMARK [1][-]{section.2.1}{Causal\040Effects}{chapter.2}% 5
\BOOKMARK [2][-]{subsection.2.1.1}{Time\040Varying\040Data}{section.2.1}% 6
\BOOKMARK [2][-]{subsection.2.1.2}{Deterministic\040Treatment\040Regimens}{section.2.1}% 7
\BOOKMARK [2][-]{subsection.2.1.3}{Sequentially\040Randomized\040Trial}{section.2.1}% 8
\BOOKMARK [1][-]{section.2.2}{Confounding}{chapter.2}% 9
\BOOKMARK [1][-]{section.2.3}{Identifiability\040Assumptions}{chapter.2}% 10
\BOOKMARK [2][-]{subsection.2.3.1}{Consistency}{section.2.3}% 11
\BOOKMARK [2][-]{subsection.2.3.2}{Exchangeability}{section.2.3}% 12
\BOOKMARK [2][-]{subsection.2.3.3}{Positivity}{section.2.3}% 13
\BOOKMARK [1][-]{section.2.4}{Inverse\040Probability\040\(IP\)\040Weighting}{chapter.2}% 14
\BOOKMARK [2][-]{subsection.2.4.1}{Parametric\040Estimates}{section.2.4}% 15
\BOOKMARK [1][-]{section.2.5}{Standardization}{chapter.2}% 16
\BOOKMARK [0][-]{chapter.3}{Methods}{}% 17
\BOOKMARK [1][-]{section.3.1}{Data\040Creation}{chapter.3}% 18
\BOOKMARK [1][-]{section.3.2}{Parametric\040G-formula}{chapter.3}% 19
\BOOKMARK [2][-]{subsection.3.2.1}{Protocol}{section.3.2}% 20
\BOOKMARK [1][-]{section.3.3}{Doubly\040Robust\040Estimation}{chapter.3}% 21
\BOOKMARK [2][-]{subsection.3.3.1}{Protocol}{section.3.3}% 22
\BOOKMARK [1][-]{section.3.4}{Variance\040Estimate}{chapter.3}% 23
\BOOKMARK [2][-]{subsection.3.4.1}{Protocol}{section.3.4}% 24
\BOOKMARK [0][-]{chapter.4}{Results\040Discussion}{}% 25
\BOOKMARK [1][-]{section.4.1}{Natural\040Course}{chapter.4}% 26
\BOOKMARK [1][-]{section.4.2}{Simulation\040of\040the\040Two\040Methods}{chapter.4}% 27
\BOOKMARK [2][-]{subsection.4.2.1}{Under\040the\040Null\040Hypothesis\040of\040No\040Treatment\040Effect}{section.4.2}% 28
\BOOKMARK [2][-]{subsection.4.2.2}{Under\040the\040Alternative\040Hypothesis\040of\040Treatment}{section.4.2}% 29
\BOOKMARK [2][-]{subsection.4.2.3}{Run\040Times}{section.4.2}% 30
\BOOKMARK [1][-]{section.4.3}{Confirming\040Double\040Robustness}{chapter.4}% 31
\BOOKMARK [1][-]{section.4.4}{Testing\040Multiple\040Robustness}{chapter.4}% 32
\BOOKMARK [0][-]{chapter.5}{Conclusion}{}% 33
\BOOKMARK [1][-]{section.5.1}{Contributions}{chapter.5}% 34
\BOOKMARK [1][-]{section.5.2}{Limitations}{chapter.5}% 35
\BOOKMARK [1][-]{section.5.3}{Implications}{chapter.5}% 36
\BOOKMARK [1][-]{section.5.4}{Extensions}{chapter.5}% 37
\BOOKMARK [0][-]{Appendix.1.A}{Appendix\040Code}{}% 38
\BOOKMARK [1][-]{section.1.A.1}{Python\040Functions}{Appendix.1.A}% 39
\BOOKMARK [0][-]{Appendix.1.B}{Appendix\040Extra\040Results}{}% 40
\BOOKMARK [0][-]{chapter*.17}{References}{}% 41
